<?xml version="1.0" encoding="UTF-8"?>
<!-- Generated by org.testng.reporters.JUnitReportReporter -->
<testsuite hostname="PK" failures="0" tests="1" name="Testclasses.practice1" time="0.010" errors="0" timestamp="2025-03-23T17:13:23 IST" skipped="0">
  <testcase classname="Testclasses.practice1" name="test" time="0.010"/>
</testsuite> <!-- Testclasses.practice1 -->
