<?xml version="1.0" encoding="UTF-8"?>
<!-- Generated by org.testng.reporters.JUnitReportReporter -->
<testsuite hostname="PK" failures="0" tests="1" name="Testclasses.Tables" time="44.342" errors="0" timestamp="2025-03-28T18:26:45 IST" skipped="0">
  <testcase classname="Testclasses.Tables" name="Test1" time="44.342"/>
</testsuite> <!-- Testclasses.Tables -->
