<?xml version="1.0" encoding="UTF-8"?>
<!-- Generated by org.testng.reporters.JUnitReportReporter -->
<testsuite hostname="PK" failures="0" tests="1" name="Testclasses.Alerts" time="12.494" errors="0" timestamp="2025-03-04T05:02:31 IST" skipped="0">
  <testcase classname="Testclasses.Alerts" name="Alerts" time="12.494"/>
</testsuite> <!-- Testclasses.Alerts -->
