<?xml version="1.0" encoding="UTF-8"?>
<!-- Generated by org.testng.reporters.JUnitReportReporter -->
<testsuite hostname="PK" failures="0" tests="4" name="ParallelExecution.Testclass3" time="0.024" errors="0" timestamp="2025-03-26T21:02:59 IST" skipped="0">
  <testcase classname="ParallelExecution.Testclass3" name="Test9" time="0.002"/>
  <testcase classname="ParallelExecution.Testclass3" name="Test11" time="0.003"/>
  <testcase classname="ParallelExecution.Testclass3" name="Test12" time="0.004"/>
  <testcase classname="ParallelExecution.Testclass3" name="Test10" time="0.015"/>
</testsuite> <!-- ParallelExecution.Testclass3 -->
