<?xml version="1.0" encoding="UTF-8"?>
<!-- Generated by org.testng.reporters.JUnitReportReporter -->
<testsuite hostname="PK" failures="0" tests="1" name="Testclasses.Google" time="48.910" errors="0" timestamp="2025-02-17T21:02:42 IST" skipped="0">
  <testcase classname="Testclasses.Google" name="setup" time="48.910"/>
</testsuite> <!-- Testclasses.Google -->
