<?xml version="1.0" encoding="UTF-8"?>
<!-- Generated by org.testng.reporters.JUnitReportReporter -->
<testsuite hostname="PK" failures="0" tests="1" name="Testclasses.Google" time="32.720" errors="0" timestamp="2025-03-23T17:13:23 IST" skipped="0">
  <testcase classname="Testclasses.Google" name="setup" time="32.720"/>
</testsuite> <!-- Testclasses.Google -->
