<?xml version="1.0" encoding="UTF-8"?>
<!-- Generated by org.testng.reporters.JUnitReportReporter -->
<testsuite hostname="PK" failures="0" tests="4" name="ParallelExecution.Testclass2" time="0.025" errors="0" timestamp="2025-03-26T21:02:59 IST" skipped="0">
  <testcase classname="ParallelExecution.Testclass2" name="Test7" time="0.004"/>
  <testcase classname="ParallelExecution.Testclass2" name="Test6" time="0.003"/>
  <testcase classname="ParallelExecution.Testclass2" name="Test8" time="0.003"/>
  <testcase classname="ParallelExecution.Testclass2" name="Test5" time="0.015"/>
</testsuite> <!-- ParallelExecution.Testclass2 -->
