<?xml version="1.0" encoding="UTF-8"?>
<!-- Generated by org.testng.reporters.JUnitReportReporter -->
<testsuite hostname="PK" failures="0" tests="1" name="Testclasses.TakeScreenshot" time="16.214" errors="0" timestamp="2025-03-23T17:13:23 IST" skipped="0">
  <testcase classname="Testclasses.TakeScreenshot" name="screenshot" time="16.214"/>
</testsuite> <!-- Testclasses.TakeScreenshot -->
