<?xml version="1.0" encoding="UTF-8"?>
<!-- Generated by org.testng.reporters.JUnitReportReporter -->
<testsuite hostname="PK" failures="0" tests="4" name="Testclasses.ExcelSheet" time="42.315" errors="0" timestamp="2025-03-26T13:52:50 IST" skipped="0">
  <testcase classname="Testclasses.ExcelSheet" name="TestLogin" time="12.644"/>
  <testcase classname="Testclasses.ExcelSheet" name="TestLogin" time="10.384"/>
  <testcase classname="Testclasses.ExcelSheet" name="TestLogin" time="9.374"/>
  <testcase classname="Testclasses.ExcelSheet" name="TestLogin" time="9.913"/>
</testsuite> <!-- Testclasses.ExcelSheet -->
