<?xml version="1.0" encoding="UTF-8"?>
<!-- Generated by org.testng.reporters.JUnitReportReporter -->
<testsuite hostname="PK" failures="0" tests="4" name="ParallelExecution.Testclass1" time="0.092" errors="0" timestamp="2025-03-26T21:23:46 IST" skipped="0">
  <testcase classname="ParallelExecution.Testclass1" name="Test4" time="0.023"/>
  <testcase classname="ParallelExecution.Testclass1" name="Test1" time="0.023"/>
  <testcase classname="ParallelExecution.Testclass1" name="Test3" time="0.023"/>
  <testcase classname="ParallelExecution.Testclass1" name="Test2" time="0.023"/>
</testsuite> <!-- ParallelExecution.Testclass1 -->
